# JRE version: OpenJDK Runtime Environment Corretto-21.0.5.11.1 (21.0.5+11) (build 21.0.5+11-LTS)
# Java VM: OpenJDK 64-Bit Server VM Corretto-21.0.5.11.1 (21.0.5+11-LTS, mixed mode, emulated-client, sharing, tiered, compressed oops, compressed class ptrs, g1 gc, windows-amd64)
GC Precious Log:
 CardTable entry size: 512
 Card Set container configuration: InlinePtr #cards 5 size 8 Array Of Cards #cards 12 size 40 Howl #buckets 4 coarsen threshold 1843 Howl Bitmap #cards 512 size 80 coarsen threshold 460 Card regions per heap region 1 cards per card region 2048
 CPUs: 4 total, 4 available
 Memory: 8031M
 Large Page Support: Disabled
 NUMA Support: Disabled
 Compressed Oops: Enabled (32-bit)
 Heap Region Size: 1M
 Heap Min Capacity: 8M
 Heap Initial Capacity: 126M
 Heap Max Capacity: 2008M
 Pre-touch: Disabled
 Parallel Workers: 4
 Concurrent Workers: 1
 Concurrent Refinement Workers: 4
 Periodic GC: Disabled
Heap:
 garbage-first heap   total 133120K, used 75470K [0x0000000082800000, 0x0000000100000000)
  region size 1024K, 3 young (3072K), 3 survivors (3072K)
 Metaspace       used 74103K, committed 75008K, reserved 1114112K
  class space    used 10617K, committed 11008K, reserved 1048576K
GC Heap History (20 events):
Event: 12.824 GC heap after
{Heap after GC invocations=16 (full 0):
 garbage-first heap   total 66560K, used 30903K [0x0000000082800000, 0x0000000100000000)
  region size 1024K, 3 young (3072K), 3 survivors (3072K)
 Metaspace       used 63730K, committed 64448K, reserved 1114112K
  class space    used 9152K, committed 9472K, reserved 1048576K
}
Event: 13.256 GC heap before
{Heap before GC invocations=16 (full 0):
 garbage-first heap   total 66560K, used 58551K [0x0000000082800000, 0x0000000100000000)
  region size 1024K, 30 young (30720K), 3 survivors (3072K)
 Metaspace       used 65572K, committed 66432K, reserved 1114112K
  class space    used 9402K, committed 9792K, reserved 1048576K
}
Event: 13.264 GC heap after
{Heap after GC invocations=17 (full 0):
 garbage-first heap   total 66560K, used 31990K [0x0000000082800000, 0x0000000100000000)
  region size 1024K, 4 young (4096K), 4 survivors (4096K)
 Metaspace       used 65572K, committed 66432K, reserved 1114112K
  class space    used 9402K, committed 9792K, reserved 1048576K
}
Event: 13.837 GC heap before
{Heap before GC invocations=17 (full 0):
 garbage-first heap   total 66560K, used 57590K [0x0000000082800000, 0x0000000100000000)
  region size 1024K, 29 young (29696K), 4 survivors (4096K)
 Metaspace       used 68355K, committed 69248K, reserved 1114112K
  class space    used 9774K, committed 10176K, reserved 1048576K
}
Event: 13.845 GC heap after
{Heap after GC invocations=18 (full 0):
 garbage-first heap   total 66560K, used 34567K [0x0000000082800000, 0x0000000100000000)
  region size 1024K, 4 young (4096K), 4 survivors (4096K)
 Metaspace       used 68355K, committed 69248K, reserved 1114112K
  class space    used 9774K, committed 10176K, reserved 1048576K
}
Event: 13.903 GC heap before
{Heap before GC invocations=18 (full 0):
 garbage-first heap   total 66560K, used 37639K [0x0000000082800000, 0x0000000100000000)
  region size 1024K, 8 young (8192K), 4 survivors (4096K)
 Metaspace       used 68504K, committed 69376K, reserved 1114112K
  class space    used 9791K, committed 10176K, reserved 1048576K
}
Event: 13.909 GC heap after
{Heap after GC invocations=19 (full 0):
 garbage-first heap   total 66560K, used 35118K [0x0000000082800000, 0x0000000100000000)
  region size 1024K, 1 young (1024K), 1 survivors (1024K)
 Metaspace       used 68504K, committed 69376K, reserved 1114112K
  class space    used 9791K, committed 10176K, reserved 1048576K
}
Event: 14.060 GC heap before
{Heap before GC invocations=19 (full 0):
 garbage-first heap   total 66560K, used 59694K [0x0000000082800000, 0x0000000100000000)
  region size 1024K, 25 young (25600K), 1 survivors (1024K)
 Metaspace       used 68504K, committed 69376K, reserved 1114112K
  class space    used 9791K, committed 10176K, reserved 1048576K
}
Event: 14.065 GC heap after
{Heap after GC invocations=20 (full 0):
 garbage-first heap   total 67584K, used 40085K [0x0000000082800000, 0x0000000100000000)
  region size 1024K, 4 young (4096K), 4 survivors (4096K)
 Metaspace       used 68504K, committed 69376K, reserved 1114112K
  class space    used 9791K, committed 10176K, reserved 1048576K
}
Event: 14.181 GC heap before
{Heap before GC invocations=21 (full 0):
 garbage-first heap   total 67584K, used 58517K [0x0000000082800000, 0x0000000100000000)
  region size 1024K, 22 young (22528K), 4 survivors (4096K)
 Metaspace       used 68557K, committed 69440K, reserved 1114112K
  class space    used 9805K, committed 10176K, reserved 1048576K
}
Event: 14.192 GC heap after
{Heap after GC invocations=22 (full 0):
 garbage-first heap   total 118784K, used 47685K [0x0000000082800000, 0x0000000100000000)
  region size 1024K, 3 young (3072K), 3 survivors (3072K)
 Metaspace       used 68557K, committed 69440K, reserved 1114112K
  class space    used 9805K, committed 10176K, reserved 1048576K
}
Event: 14.389 GC heap before
{Heap before GC invocations=22 (full 0):
 garbage-first heap   total 118784K, used 97861K [0x0000000082800000, 0x0000000100000000)
  region size 1024K, 52 young (53248K), 3 survivors (3072K)
 Metaspace       used 68571K, committed 69440K, reserved 1114112K
  class space    used 9809K, committed 10176K, reserved 1048576K
}
Event: 14.412 GC heap after
{Heap after GC invocations=23 (full 0):
 garbage-first heap   total 118784K, used 61440K [0x0000000082800000, 0x0000000100000000)
  region size 1024K, 7 young (7168K), 7 survivors (7168K)
 Metaspace       used 68571K, committed 69440K, reserved 1114112K
  class space    used 9809K, committed 10176K, reserved 1048576K
}
Event: 14.525 GC heap before
{Heap before GC invocations=23 (full 0):
 garbage-first heap   total 118784K, used 86016K [0x0000000082800000, 0x0000000100000000)
  region size 1024K, 33 young (33792K), 7 survivors (7168K)
 Metaspace       used 68571K, committed 69440K, reserved 1114112K
  class space    used 9809K, committed 10176K, reserved 1048576K
}
Event: 14.539 GC heap after
{Heap after GC invocations=24 (full 0):
 garbage-first heap   total 118784K, used 68383K [0x0000000082800000, 0x0000000100000000)
  region size 1024K, 6 young (6144K), 6 survivors (6144K)
 Metaspace       used 68571K, committed 69440K, reserved 1114112K
  class space    used 9809K, committed 10176K, reserved 1048576K
}
Event: 14.647 GC heap before
{Heap before GC invocations=24 (full 0):
 garbage-first heap   total 118784K, used 99103K [0x0000000082800000, 0x0000000100000000)
  region size 1024K, 36 young (36864K), 6 survivors (6144K)
 Metaspace       used 68571K, committed 69440K, reserved 1114112K
  class space    used 9809K, committed 10176K, reserved 1048576K
}
Event: 14.658 GC heap after
{Heap after GC invocations=25 (full 0):
 garbage-first heap   total 118784K, used 76174K [0x0000000082800000, 0x0000000100000000)
  region size 1024K, 5 young (5120K), 5 survivors (5120K)
 Metaspace       used 68571K, committed 69440K, reserved 1114112K
  class space    used 9809K, committed 10176K, reserved 1048576K
}
Event: 15.176 GC heap before
{Heap before GC invocations=26 (full 0):
 garbage-first heap   total 122880K, used 97678K [0x0000000082800000, 0x0000000100000000)
  region size 1024K, 29 young (29696K), 5 survivors (5120K)
 Metaspace       used 70263K, committed 71168K, reserved 1114112K
  class space    used 10087K, committed 10496K, reserved 1048576K
}
Event: 15.186 GC heap after
{Heap after GC invocations=27 (full 0):
 garbage-first heap   total 122880K, used 78230K [0x0000000082800000, 0x0000000100000000)
  region size 1024K, 4 young (4096K), 4 survivors (4096K)
 Metaspace       used 70263K, committed 71168K, reserved 1114112K
  class space    used 10087K, committed 10496K, reserved 1048576K
}
Event: 15.999 GC heap before
{Heap before GC invocations=27 (full 0):
 garbage-first heap   total 122880K, used 103830K [0x0000000082800000, 0x0000000100000000)
  region size 1024K, 30 young (30720K), 4 survivors (4096K)
 Metaspace       used 74103K, committed 75008K, reserved 1114112K
  class space    used 10617K, committed 11008K, reserved 1048576K
}

